Running Testing Set 1 Evaluate
Namespace(trained_folder='prune75', testing_set=True)
starting loop
0
Valid: [0/12000 (0%)]
Event rate: [0.3172309994697571, 0.2562924325466156, 0.1044706255197525, 0.9990952610969543]
Total time for batch 33.359445095062256
(3,)

Valid: [0/12000 (0%)]1
Valid: [96/12000 (1%)]
Event rate: [0.31058362126350403, 0.2543315589427948, 0.10947996377944946, 0.9989770650863647]
Total time for batch 32.06915283203125
(3,)

Valid: [96/12000 (1%)]2
Valid: [192/12000 (2%)]
Event rate: [0.3048878610134125, 0.2551937401294708, 0.10156966000795364, 0.998823344707489]
Total time for batch 32.787678241729736
(3,)

Valid: [192/12000 (2%)]3
Valid: [288/12000 (2%)]
Event rate: [0.29578253626823425, 0.2572682797908783, 0.10219226032495499, 0.9988887906074524]
Total time for batch 31.7480788230896
(3,)

Valid: [288/12000 (2%)]4
Valid: [384/12000 (3%)]
Event rate: [0.30296897888183594, 0.2571854889392853, 0.1014726385474205, 0.998759388923645]
Total time for batch 31.132140636444092
(3,)

Valid: [384/12000 (3%)]5
Valid: [480/12000 (4%)]
Event rate: [0.3049175441265106, 0.2559473514556885, 0.10642322897911072, 0.9988013505935669]
Total time for batch 31.111568927764893
(3,)

Valid: [480/12000 (4%)]6
Valid: [576/12000 (5%)]
Event rate: [0.2960108816623688, 0.25278154015541077, 0.10423029959201813, 0.9989380836486816]
Total time for batch 30.93111228942871
(3,)

Valid: [576/12000 (5%)]7
Valid: [672/12000 (6%)]
Event rate: [0.3216334879398346, 0.25295761227607727, 0.11210016161203384, 0.9989626407623291]
Total time for batch 30.519028425216675
(3,)

Valid: [672/12000 (6%)]8
Valid: [768/12000 (6%)]
Event rate: [0.3190724849700928, 0.2525132894515991, 0.1079181656241417, 0.9989849328994751]
Total time for batch 30.51355504989624
(3,)

Valid: [768/12000 (6%)]9
Valid: [864/12000 (7%)]
Event rate: [0.31368181109428406, 0.2519991993904114, 0.11027304828166962, 0.9989480972290039]
Total time for batch 30.26669979095459
(3,)

Valid: [864/12000 (7%)]10
Valid: [960/12000 (8%)]
Event rate: [0.2919446527957916, 0.25605976581573486, 0.10655198991298676, 0.9987743496894836]
Total time for batch 30.69012427330017
(3,)

Valid: [960/12000 (8%)]11
Valid: [1056/12000 (9%)]
Event rate: [0.32847288250923157, 0.255635529756546, 0.10674059391021729, 0.9989521503448486]
Total time for batch 30.82222843170166
(3,)

Valid: [1056/12000 (9%)]12
Valid: [1152/12000 (10%)]
Event rate: [0.3207308053970337, 0.252287358045578, 0.10511281341314316, 0.9989488124847412]
Total time for batch 31.578163385391235
(3,)

Valid: [1152/12000 (10%)]13
Valid: [1248/12000 (10%)]
Event rate: [0.3035096824169159, 0.25196123123168945, 0.10812262445688248, 0.9988649487495422]
Total time for batch 30.395467042922974
(3,)

Valid: [1248/12000 (10%)]14
Valid: [1344/12000 (11%)]
Event rate: [0.29130077362060547, 0.25462180376052856, 0.09768467396497726, 0.99888014793396]
Total time for batch 30.637373685836792
(3,)

Valid: [1344/12000 (11%)]15
Valid: [1440/12000 (12%)]
Event rate: [0.29806408286094666, 0.2542663514614105, 0.10016827285289764, 0.9988455772399902]
Total time for batch 30.570709466934204
(3,)

Valid: [1440/12000 (12%)]16
Valid: [1536/12000 (13%)]
Event rate: [0.30037564039230347, 0.2563624978065491, 0.09908140450716019, 0.9989247918128967]
Total time for batch 30.61976957321167
(3,)

Valid: [1536/12000 (13%)]17
Valid: [1632/12000 (14%)]
Event rate: [0.2857832908630371, 0.2581161856651306, 0.10738224536180496, 0.998737096786499]
Total time for batch 30.71113872528076
(3,)

Valid: [1632/12000 (14%)]18
Valid: [1728/12000 (14%)]
Event rate: [0.3000674545764923, 0.25729578733444214, 0.10353422164916992, 0.9989213943481445]
Total time for batch 31.189329385757446
(3,)

Valid: [1728/12000 (14%)]19
Valid: [1824/12000 (15%)]
Event rate: [0.3144218623638153, 0.2526451051235199, 0.10876288264989853, 0.9989603757858276]
Total time for batch 31.302651166915894
(3,)

Valid: [1824/12000 (15%)]20
Valid: [1920/12000 (16%)]
Event rate: [0.30227550864219666, 0.25516247749328613, 0.10036911070346832, 0.9988260269165039]
Total time for batch 30.693236589431763
(3,)

Valid: [1920/12000 (16%)]21
Valid: [2016/12000 (17%)]
Event rate: [0.30790698528289795, 0.25785380601882935, 0.0985739529132843, 0.9989678859710693]
Total time for batch 31.060057163238525
(3,)

Valid: [2016/12000 (17%)]22
Valid: [2112/12000 (18%)]
Event rate: [0.31209105253219604, 0.25333330035209656, 0.1001720055937767, 0.9988833665847778]
Total time for batch 30.704716205596924
(3,)

Valid: [2112/12000 (18%)]23
Valid: [2208/12000 (18%)]
Event rate: [0.32051587104797363, 0.2512524425983429, 0.11118695139884949, 0.9990386962890625]
Total time for batch 30.550652503967285
(3,)

Valid: [2208/12000 (18%)]24
Valid: [2304/12000 (19%)]
Event rate: [0.3118698000907898, 0.2566039562225342, 0.10434967279434204, 0.9990013837814331]
Total time for batch 30.43878698348999
(3,)

Valid: [2304/12000 (19%)]25
Valid: [2400/12000 (20%)]
Event rate: [0.2870413362979889, 0.2535248398780823, 0.10253769904375076, 0.9989235401153564]
Total time for batch 30.825162410736084
(3,)

Valid: [2400/12000 (20%)]26
Valid: [2496/12000 (21%)]
Event rate: [0.3053622543811798, 0.25479230284690857, 0.10525768250226974, 0.9989964962005615]
Total time for batch 30.48604989051819
(3,)

Valid: [2496/12000 (21%)]27
Valid: [2592/12000 (22%)]
Event rate: [0.2876669764518738, 0.2546347379684448, 0.10510194301605225, 0.9988889694213867]
Total time for batch 30.379474639892578
(3,)

Valid: [2592/12000 (22%)]28
Valid: [2688/12000 (22%)]
Event rate: [0.3179458975791931, 0.254565566778183, 0.10353751480579376, 0.9988852739334106]
Total time for batch 30.643765926361084
(3,)

Valid: [2688/12000 (22%)]29
Valid: [2784/12000 (23%)]
Event rate: [0.278616726398468, 0.2537206709384918, 0.09668873250484467, 0.9990366101264954]
Total time for batch 30.63848328590393
(3,)

Valid: [2784/12000 (23%)]30
Valid: [2880/12000 (24%)]
Event rate: [0.3122946321964264, 0.25607743859291077, 0.10004755854606628, 0.9988353848457336]
Total time for batch 30.73970603942871
(3,)

Valid: [2880/12000 (24%)]31
Valid: [2976/12000 (25%)]
Event rate: [0.2955203950405121, 0.2563248872756958, 0.10733229666948318, 0.9989639520645142]
Total time for batch 30.401535987854004
(3,)

Valid: [2976/12000 (25%)]32
Valid: [3072/12000 (26%)]
Event rate: [0.3222654461860657, 0.2546723186969757, 0.10580912977457047, 0.9989871978759766]
Total time for batch 30.470867156982422
(3,)

Valid: [3072/12000 (26%)]33
Valid: [3168/12000 (26%)]
Event rate: [0.3041885793209076, 0.2550409734249115, 0.09946653246879578, 0.9989110827445984]
Total time for batch 31.052611351013184
(3,)

Valid: [3168/12000 (26%)]34
Valid: [3264/12000 (27%)]
Event rate: [0.310892254114151, 0.25337734818458557, 0.10435555130243301, 0.9988905191421509]
Total time for batch 30.593045473098755
(3,)

Valid: [3264/12000 (27%)]35
Valid: [3360/12000 (28%)]
Event rate: [0.2899250090122223, 0.2552984356880188, 0.10704542696475983, 0.9990348219871521]
Total time for batch 30.420044898986816
(3,)

Valid: [3360/12000 (28%)]36
Valid: [3456/12000 (29%)]
Event rate: [0.3004041314125061, 0.25624656677246094, 0.10094638913869858, 0.999014139175415]
Total time for batch 30.368930339813232
(3,)

Valid: [3456/12000 (29%)]37
Valid: [3552/12000 (30%)]
Event rate: [0.30034270882606506, 0.25513625144958496, 0.10392706096172333, 0.9990988373756409]
Total time for batch 30.407471895217896
(3,)

Valid: [3552/12000 (30%)]38
Valid: [3648/12000 (30%)]
Event rate: [0.2863784730434418, 0.2534019649028778, 0.10927041620016098, 0.9989233613014221]
Total time for batch 30.39082169532776
(3,)

Valid: [3648/12000 (30%)]39
Valid: [3744/12000 (31%)]
Event rate: [0.29605114459991455, 0.258502721786499, 0.10473346710205078, 0.9990184903144836]
Total time for batch 30.120375871658325
(3,)

Valid: [3744/12000 (31%)]40
Valid: [3840/12000 (32%)]
Event rate: [0.3111604154109955, 0.254217267036438, 0.10353070497512817, 0.998975932598114]
Total time for batch 30.50377655029297
(3,)

Valid: [3840/12000 (32%)]41
Valid: [3936/12000 (33%)]
Event rate: [0.2947183847427368, 0.25331827998161316, 0.10591240227222443, 0.9990140795707703]
Total time for batch 30.481126308441162
(3,)

Valid: [3936/12000 (33%)]42
Valid: [4032/12000 (34%)]
Event rate: [0.2952866554260254, 0.25496596097946167, 0.10018503665924072, 0.999020516872406]
Total time for batch 30.57486915588379
(3,)

Valid: [4032/12000 (34%)]43
Valid: [4128/12000 (34%)]
Event rate: [0.3044614791870117, 0.25474464893341064, 0.10430397838354111, 0.9989233016967773]
Total time for batch 30.79825782775879
(3,)

Valid: [4128/12000 (34%)]44
Valid: [4224/12000 (35%)]
Event rate: [0.2841397523880005, 0.25484880805015564, 0.10292426496744156, 0.9990211725234985]
Total time for batch 30.28189182281494
(3,)

Valid: [4224/12000 (35%)]45
Valid: [4320/12000 (36%)]
Event rate: [0.3227654993534088, 0.25367262959480286, 0.106431744992733, 0.9989213347434998]
Total time for batch 30.54236388206482
(3,)

Valid: [4320/12000 (36%)]46
Valid: [4416/12000 (37%)]
Event rate: [0.29063931107521057, 0.257747620344162, 0.10617925971746445, 0.9989417195320129]
Total time for batch 31.029799699783325
(3,)

Valid: [4416/12000 (37%)]47
Valid: [4512/12000 (38%)]
Event rate: [0.33200642466545105, 0.25173404812812805, 0.11222855746746063, 0.9988113641738892]
Total time for batch 30.792518615722656
(3,)

Valid: [4512/12000 (38%)]48
Valid: [4608/12000 (38%)]
Event rate: [0.300520122051239, 0.257379412651062, 0.10271841287612915, 0.9989894032478333]
Total time for batch 30.308080911636353
(3,)

Valid: [4608/12000 (38%)]49
Valid: [4704/12000 (39%)]
Event rate: [0.325136661529541, 0.2525804340839386, 0.10418736189603806, 0.9987629652023315]
Total time for batch 31.03536605834961
(3,)

Valid: [4704/12000 (39%)]50
Valid: [4800/12000 (40%)]
Event rate: [0.3048084080219269, 0.2565540373325348, 0.09916108846664429, 0.9986873865127563]
Total time for batch 31.582207441329956
(3,)

Valid: [4800/12000 (40%)]51
Valid: [4896/12000 (41%)]
Event rate: [0.32480108737945557, 0.2552710473537445, 0.10784327238798141, 0.9989463090896606]
Total time for batch 31.071446895599365
(3,)

Valid: [4896/12000 (41%)]52
Valid: [4992/12000 (42%)]
Event rate: [0.336985319852829, 0.2555542588233948, 0.10830619186162949, 0.9989755749702454]
Total time for batch 31.127719163894653
(3,)

Valid: [4992/12000 (42%)]53
Valid: [5088/12000 (42%)]
Event rate: [0.2823622524738312, 0.253061980009079, 0.10401846468448639, 0.9989008903503418]
Total time for batch 31.13099503517151
(3,)

Valid: [5088/12000 (42%)]54
Valid: [5184/12000 (43%)]
Event rate: [0.31963616609573364, 0.2542794942855835, 0.10226073116064072, 0.9989192485809326]
Total time for batch 31.48214340209961
(3,)

Valid: [5184/12000 (43%)]55
Valid: [5280/12000 (44%)]
Event rate: [0.28902068734169006, 0.25689372420310974, 0.1004815399646759, 0.9988816380500793]
Total time for batch 30.970059633255005
(3,)

Valid: [5280/12000 (44%)]56
Valid: [5376/12000 (45%)]
Event rate: [0.3075045347213745, 0.2540164589881897, 0.10732526332139969, 0.9988678693771362]
Total time for batch 31.092355251312256
(3,)

Valid: [5376/12000 (45%)]57
Valid: [5472/12000 (46%)]
Event rate: [0.3251112699508667, 0.2524442672729492, 0.10894381999969482, 0.9989505410194397]
Total time for batch 30.8628249168396
(3,)

Valid: [5472/12000 (46%)]58
Valid: [5568/12000 (46%)]
Event rate: [0.2990153133869171, 0.25340160727500916, 0.10628201067447662, 0.9989418983459473]
Total time for batch 31.320892095565796
(3,)

Valid: [5568/12000 (46%)]59
Valid: [5664/12000 (47%)]
Event rate: [0.3129909336566925, 0.25469961762428284, 0.105646513402462, 0.9989389181137085]
Total time for batch 30.84875249862671
(3,)

Valid: [5664/12000 (47%)]60
Valid: [5760/12000 (48%)]
Event rate: [0.28488263487815857, 0.2563674747943878, 0.09916667640209198, 0.9989319443702698]
Total time for batch 31.122203826904297
(3,)

Valid: [5760/12000 (48%)]61
Valid: [5856/12000 (49%)]
Event rate: [0.3172697424888611, 0.2527706027030945, 0.10277195274829865, 0.9988547563552856]
Total time for batch 30.657779932022095
(3,)

Valid: [5856/12000 (49%)]62
Valid: [5952/12000 (50%)]
Event rate: [0.2989104390144348, 0.2543879449367523, 0.09833285212516785, 0.9989274740219116]
Total time for batch 30.684173583984375
(3,)

Valid: [5952/12000 (50%)]63
Valid: [6048/12000 (50%)]
Event rate: [0.30454587936401367, 0.2578502297401428, 0.10340635478496552, 0.9989258050918579]
Total time for batch 30.71739935874939
(3,)

Valid: [6048/12000 (50%)]64
Valid: [6144/12000 (51%)]
Event rate: [0.3109537363052368, 0.2542401850223541, 0.10613209009170532, 0.9988952279090881]
Total time for batch 30.791164875030518
(3,)

Valid: [6144/12000 (51%)]65
Valid: [6240/12000 (52%)]
Event rate: [0.3172861635684967, 0.2506280839443207, 0.1085786521434784, 0.998900830745697]
Total time for batch 30.885165452957153
(3,)

Valid: [6240/12000 (52%)]66
Valid: [6336/12000 (53%)]
Event rate: [0.3214775323867798, 0.25621363520622253, 0.09969998896121979, 0.9989169836044312]
Total time for batch 30.264697551727295
(3,)

Valid: [6336/12000 (53%)]67
Valid: [6432/12000 (54%)]
Event rate: [0.28842252492904663, 0.2552965581417084, 0.10712246596813202, 0.9989761114120483]
Total time for batch 30.294906854629517
(3,)

Valid: [6432/12000 (54%)]68
Valid: [6528/12000 (54%)]
Event rate: [0.2929316461086273, 0.2542685270309448, 0.10072985291481018, 0.9989133477210999]
Total time for batch 30.87662959098816
(3,)

Valid: [6528/12000 (54%)]69
Valid: [6624/12000 (55%)]
Event rate: [0.280324250459671, 0.25524699687957764, 0.10159572958946228, 0.9988988041877747]
Total time for batch 30.845237493515015
(3,)

Valid: [6624/12000 (55%)]70
Valid: [6720/12000 (56%)]
Event rate: [0.28059664368629456, 0.257536917924881, 0.09596360474824905, 0.9989854693412781]
Total time for batch 30.50941014289856
(3,)

Valid: [6720/12000 (56%)]71
Valid: [6816/12000 (57%)]
Event rate: [0.2897842824459076, 0.25539037585258484, 0.10531803220510483, 0.9990561604499817]
Total time for batch 31.065970182418823
(3,)

Valid: [6816/12000 (57%)]72
Valid: [6912/12000 (58%)]
Event rate: [0.28969553112983704, 0.25685685873031616, 0.10501116514205933, 0.9990516901016235]
Total time for batch 30.342869758605957
(3,)

Valid: [6912/12000 (58%)]73
Valid: [7008/12000 (58%)]
Event rate: [0.317356139421463, 0.2553652226924896, 0.10857441276311874, 0.9990435242652893]
Total time for batch 30.165470123291016
(3,)

Valid: [7008/12000 (58%)]74
Valid: [7104/12000 (59%)]
Event rate: [0.2932971715927124, 0.2585200071334839, 0.10459847748279572, 0.9988948702812195]
Total time for batch 30.313297271728516
(3,)

Valid: [7104/12000 (59%)]75
Valid: [7200/12000 (60%)]
Event rate: [0.3052773177623749, 0.2540730834007263, 0.10335168242454529, 0.9990206956863403]
Total time for batch 31.120931386947632
(3,)

Valid: [7200/12000 (60%)]76
Valid: [7296/12000 (61%)]
Event rate: [0.305593878030777, 0.2542586028575897, 0.10183274000883102, 0.9989315271377563]
Total time for batch 30.67849636077881
(3,)

Valid: [7296/12000 (61%)]77
Valid: [7392/12000 (62%)]
Event rate: [0.2939293384552002, 0.2529247999191284, 0.10382773727178574, 0.9988307356834412]
Total time for batch 30.800126314163208
(3,)

Valid: [7392/12000 (62%)]78
Valid: [7488/12000 (62%)]
Event rate: [0.2874845266342163, 0.2554897665977478, 0.09861382842063904, 0.9988695979118347]
Total time for batch 30.90183186531067
(3,)

Valid: [7488/12000 (62%)]79
Valid: [7584/12000 (63%)]
Event rate: [0.3009842038154602, 0.2528333067893982, 0.10970249772071838, 0.9989745616912842]
Total time for batch 30.697596073150635
(3,)

Valid: [7584/12000 (63%)]80
Valid: [7680/12000 (64%)]
Event rate: [0.3052755892276764, 0.25432318449020386, 0.10470820963382721, 0.9989937543869019]
Total time for batch 30.45419192314148
(3,)

Valid: [7680/12000 (64%)]81
Valid: [7776/12000 (65%)]
Event rate: [0.29768726229667664, 0.2561425566673279, 0.1092882826924324, 0.999066174030304]
Total time for batch 30.483010292053223
(3,)

Valid: [7776/12000 (65%)]82
Valid: [7872/12000 (66%)]
Event rate: [0.2928357720375061, 0.2554490566253662, 0.1011563241481781, 0.9990516901016235]
Total time for batch 30.75587248802185
(3,)

Valid: [7872/12000 (66%)]83
Valid: [7968/12000 (66%)]
Event rate: [0.2995738089084625, 0.2537256181240082, 0.10440356284379959, 0.9988846778869629]
Total time for batch 30.68866753578186
(3,)

Valid: [7968/12000 (66%)]84
Valid: [8064/12000 (67%)]
Event rate: [0.3037799298763275, 0.2525005638599396, 0.1020418182015419, 0.9989216327667236]
Total time for batch 30.401201725006104
(3,)

Valid: [8064/12000 (67%)]85
Valid: [8160/12000 (68%)]
Event rate: [0.29211848974227905, 0.2556612193584442, 0.0980428084731102, 0.9989632964134216]
Total time for batch 31.118463277816772
(3,)

Valid: [8160/12000 (68%)]86
Valid: [8256/12000 (69%)]
Event rate: [0.29140403866767883, 0.2529555857181549, 0.10447674244642258, 0.9989461898803711]
Total time for batch 30.44671940803528
(3,)

Valid: [8256/12000 (69%)]87
Valid: [8352/12000 (70%)]
Event rate: [0.3045193552970886, 0.25417324900627136, 0.10269498080015182, 0.9987926483154297]
Total time for batch 30.873616933822632
(3,)

Valid: [8352/12000 (70%)]88
Valid: [8448/12000 (70%)]
Event rate: [0.2963196635246277, 0.2560296058654785, 0.10441206395626068, 0.9989358186721802]
Total time for batch 30.410742044448853
(3,)

Valid: [8448/12000 (70%)]89
Valid: [8544/12000 (71%)]
Event rate: [0.31163284182548523, 0.2545311152935028, 0.106993168592453, 0.9990226030349731]
Total time for batch 31.048797607421875
(3,)

Valid: [8544/12000 (71%)]90
Valid: [8640/12000 (72%)]
Event rate: [0.31626027822494507, 0.2524285614490509, 0.10492631793022156, 0.9988006353378296]
Total time for batch 31.007477521896362
(3,)

Valid: [8640/12000 (72%)]91
Valid: [8736/12000 (73%)]
Event rate: [0.3031693696975708, 0.2526222765445709, 0.10659650713205338, 0.9989051222801208]
Total time for batch 30.870612382888794
(3,)

Valid: [8736/12000 (73%)]92
Valid: [8832/12000 (74%)]
Event rate: [0.29661715030670166, 0.2537814974784851, 0.1008375734090805, 0.9989205002784729]
Total time for batch 30.457117080688477
(3,)

Valid: [8832/12000 (74%)]93
Valid: [8928/12000 (74%)]
Event rate: [0.3084290623664856, 0.2557334005832672, 0.10011005401611328, 0.9988929629325867]
Total time for batch 30.491019248962402
(3,)

Valid: [8928/12000 (74%)]94
Valid: [9024/12000 (75%)]
Event rate: [0.30626508593559265, 0.25492411851882935, 0.10451678931713104, 0.9989151954650879]
Total time for batch 30.517455339431763
(3,)

Valid: [9024/12000 (75%)]95
Valid: [9120/12000 (76%)]
Event rate: [0.27857327461242676, 0.2531695067882538, 0.09747129678726196, 0.9987380504608154]
Total time for batch 30.809476137161255
(3,)

Valid: [9120/12000 (76%)]96
Valid: [9216/12000 (77%)]
Event rate: [0.2928566634654999, 0.25521162152290344, 0.1017015129327774, 0.9989491701126099]
Total time for batch 30.734952926635742
(3,)

Valid: [9216/12000 (77%)]97
Valid: [9312/12000 (78%)]
Event rate: [0.2841876745223999, 0.2561418414115906, 0.10210150480270386, 0.9989852905273438]
Total time for batch 30.47074580192566
(3,)

Valid: [9312/12000 (78%)]98
Valid: [9408/12000 (78%)]
Event rate: [0.3111107051372528, 0.25699958205223083, 0.10172988474369049, 0.9989172220230103]
Total time for batch 31.15337324142456
(3,)

Valid: [9408/12000 (78%)]99
Valid: [9504/12000 (79%)]
Event rate: [0.3250599503517151, 0.2508610188961029, 0.11174667626619339, 0.9988998770713806]
Total time for batch 30.810100555419922
(3,)

Valid: [9504/12000 (79%)]100
Valid: [9600/12000 (80%)]
Event rate: [0.324101984500885, 0.25300800800323486, 0.10331554710865021, 0.999002993106842]
Total time for batch 30.4869704246521
(3,)

Valid: [9600/12000 (80%)]101
Valid: [9696/12000 (81%)]
Event rate: [0.3188660740852356, 0.25186169147491455, 0.09892189502716064, 0.9989534616470337]
Total time for batch 31.340881824493408
(3,)

Valid: [9696/12000 (81%)]102
Valid: [9792/12000 (82%)]
Event rate: [0.33933860063552856, 0.25307944416999817, 0.10768363624811172, 0.998902440071106]
Total time for batch 30.80345344543457
(3,)

Valid: [9792/12000 (82%)]103
Valid: [9888/12000 (82%)]
Event rate: [0.30520203709602356, 0.25576847791671753, 0.1033819168806076, 0.9990134835243225]
Total time for batch 30.849465131759644
(3,)

Valid: [9888/12000 (82%)]104
Valid: [9984/12000 (83%)]
Event rate: [0.2817091643810272, 0.25617027282714844, 0.10026557743549347, 0.9989706873893738]
Total time for batch 30.728203535079956
(3,)

Valid: [9984/12000 (83%)]105
Valid: [10080/12000 (84%)]
Event rate: [0.2850325107574463, 0.2545859217643738, 0.09987779706716537, 0.9989357590675354]
Total time for batch 30.761463403701782
(3,)

Valid: [10080/12000 (84%)]106
Valid: [10176/12000 (85%)]
Event rate: [0.3029276430606842, 0.2550468444824219, 0.10044973343610764, 0.9988391995429993]
Total time for batch 30.45203709602356
(3,)

Valid: [10176/12000 (85%)]107
Valid: [10272/12000 (86%)]
Event rate: [0.3132498860359192, 0.25353819131851196, 0.10467944294214249, 0.9989300966262817]
Total time for batch 30.84558629989624
(3,)

Valid: [10272/12000 (86%)]108
Valid: [10368/12000 (86%)]
Event rate: [0.2893083691596985, 0.25353309512138367, 0.1056402325630188, 0.9988536238670349]
Total time for batch 30.424323081970215
(3,)

Valid: [10368/12000 (86%)]109
Valid: [10464/12000 (87%)]
Event rate: [0.29248183965682983, 0.25420403480529785, 0.10063863545656204, 0.9990649223327637]
Total time for batch 30.406273126602173
(3,)

Valid: [10464/12000 (87%)]110
Valid: [10560/12000 (88%)]
Event rate: [0.290630966424942, 0.2554197609424591, 0.10473589599132538, 0.9989455342292786]
Total time for batch 30.513386011123657
(3,)

Valid: [10560/12000 (88%)]111
Valid: [10656/12000 (89%)]
Event rate: [0.29477763175964355, 0.25474950671195984, 0.10321829468011856, 0.9988557696342468]
Total time for batch 30.71456813812256
(3,)

Valid: [10656/12000 (89%)]112
Valid: [10752/12000 (90%)]
Event rate: [0.3023826777935028, 0.2508707344532013, 0.10382471978664398, 0.9989187121391296]
Total time for batch 31.352317810058594
(3,)

Valid: [10752/12000 (90%)]113
Valid: [10848/12000 (90%)]
Event rate: [0.29776597023010254, 0.2565326392650604, 0.10064032673835754, 0.9989904761314392]
Total time for batch 30.411826133728027
(3,)

Valid: [10848/12000 (90%)]114
Valid: [10944/12000 (91%)]
Event rate: [0.3141773045063019, 0.25547242164611816, 0.10080768913030624, 0.9989346265792847]
Total time for batch 30.722012042999268
(3,)

Valid: [10944/12000 (91%)]115
Valid: [11040/12000 (92%)]
Event rate: [0.3170734941959381, 0.2548809349536896, 0.10352922976016998, 0.9988903403282166]
Total time for batch 30.98834204673767
(3,)

Valid: [11040/12000 (92%)]116
Valid: [11136/12000 (93%)]
Event rate: [0.3082992434501648, 0.25364941358566284, 0.1037508025765419, 0.9988585710525513]
Total time for batch 30.72547435760498
(3,)

Valid: [11136/12000 (93%)]117
Valid: [11232/12000 (94%)]
Event rate: [0.30301228165626526, 0.2527863681316376, 0.10410932451486588, 0.9989860653877258]
Total time for batch 30.95520567893982
(3,)

Valid: [11232/12000 (94%)]118
Valid: [11328/12000 (94%)]
Event rate: [0.29961034655570984, 0.25695571303367615, 0.09678931534290314, 0.9987824559211731]
Total time for batch 30.670191764831543
(3,)

Valid: [11328/12000 (94%)]119
Valid: [11424/12000 (95%)]
Event rate: [0.2858961820602417, 0.25325676798820496, 0.10546313971281052, 0.998876690864563]
Total time for batch 30.338382959365845
(3,)

Valid: [11424/12000 (95%)]120
Valid: [11520/12000 (96%)]
Event rate: [0.30275097489356995, 0.2546902894973755, 0.10226030647754669, 0.9989902973175049]
Total time for batch 30.39114761352539
(3,)

Valid: [11520/12000 (96%)]121
Valid: [11616/12000 (97%)]
Event rate: [0.29339534044265747, 0.2549078166484833, 0.09474864602088928, 0.998907208442688]
Total time for batch 30.524781227111816
(3,)

Valid: [11616/12000 (97%)]122
Valid: [11712/12000 (98%)]
Event rate: [0.30376261472702026, 0.2531648278236389, 0.1071842685341835, 0.999035656452179]
Total time for batch 30.994515419006348
(3,)

Valid: [11712/12000 (98%)]123
Valid: [11808/12000 (98%)]
Event rate: [0.2781837284564972, 0.2549457550048828, 0.09978094696998596, 0.9989812970161438]
Total time for batch 30.214435338974
(3,)

Valid: [11808/12000 (98%)]124
Valid: [11904/12000 (99%)]
Event rate: [0.31196877360343933, 0.2567479908466339, 0.1011335700750351, 0.9987244606018066]
Total time for batch 30.48538112640381
(3,)

Valid: [11904/12000 (99%)]
[0A
[2KValid: [11904/12000 (99%)]
[2KEvent rate: [0.31196877360343933, 0.2567479908466339, 0.1011335700750351, 0.9987244606018066]
Epoch    0: i =   124 ,     325.7775 ms elapsed        
Train  
Valid loss =     0.00138                          SI-SNR = 11.72173 dB
Avg DNSMOS clean   [ovrl, sig, bak]:  [3.29212914 3.57154878 4.0822049 ]
Avg DNSMOS noisy   [ovrl, sig, bak]:  [2.4360454  3.16378824 2.69497903]
Avg DNSMOS noise   [ovrl, sig, bak]:  [1.34726079 1.58444211 1.95468814]
Avg DNSMOS cleaned [ovrl, sig, bak]:  [2.67655267 3.23700388 3.28649151]
Approximate Average SynOPS per layer per timestep: [14616, 20555, 249]
Exact Averagee SynOPS per layer per timestep:,[14518.293   20833.918     345.95975]
Total SynOPS: 35698.17068481445 per time-step
Total NeuronOPS: 1281 per time-step
Time-step per sample: 3751
Buffer latency: 32.0 ms
STFT + ISTFT latency: 0.006016005555555556 ms
N-DNS latency: 0.0 ms
SI-SNR  (validation set):  11.72 dB
SI-SNRi (validation set):  4.36 dB
Solution Latency                 :  32.006 ms
Power proxy (Effective SynOPS)   : 6063521.336 ops/s
PDP proxy (SynOPS-delay product) :  194069.161 ops
