Running Testing Set 1 Evaluate
Namespace(trained_folder='prune50', testing_set=True)
starting loop
0
Valid: [0/12000 (0%)]
Event rate: [0.3172309994697571, 0.2300059199333191, 0.04937237128615379, 0.9993986487388611]
Total time for batch 34.09219002723694
(3,)

Valid: [0/12000 (0%)]1
Valid: [96/12000 (1%)]
Event rate: [0.31058362126350403, 0.22735673189163208, 0.05250053480267525, 0.9993754029273987]
Total time for batch 32.528860569000244
(3,)

Valid: [96/12000 (1%)]2
Valid: [192/12000 (2%)]
Event rate: [0.3048878610134125, 0.2290768027305603, 0.047567956149578094, 0.9993531107902527]
Total time for batch 32.56775093078613
(3,)

Valid: [192/12000 (2%)]3
Valid: [288/12000 (2%)]
Event rate: [0.29578253626823425, 0.23072922229766846, 0.04800546541810036, 0.9993588328361511]
Total time for batch 30.89733576774597
(3,)

Valid: [288/12000 (2%)]4
Valid: [384/12000 (3%)]
Event rate: [0.30296897888183594, 0.2312135547399521, 0.04815502464771271, 0.9993253350257874]
Total time for batch 30.910305500030518
(3,)

Valid: [384/12000 (3%)]5
Valid: [480/12000 (4%)]
Event rate: [0.3049175441265106, 0.22957639396190643, 0.05096324533224106, 0.9993614554405212]
Total time for batch 30.463785409927368
(3,)

Valid: [480/12000 (4%)]6
Valid: [576/12000 (5%)]
Event rate: [0.2960108816623688, 0.22646525502204895, 0.04969276115298271, 0.9993581771850586]
Total time for batch 30.3090877532959
(3,)

Valid: [576/12000 (5%)]7
Valid: [672/12000 (6%)]
Event rate: [0.3216334879398346, 0.2261597067117691, 0.054301563650369644, 0.9994041919708252]
Total time for batch 31.32760739326477
(3,)

Valid: [672/12000 (6%)]8
Valid: [768/12000 (6%)]
Event rate: [0.3190724849700928, 0.22584114968776703, 0.05165477469563484, 0.99936443567276]
Total time for batch 30.628936290740967
(3,)

Valid: [768/12000 (6%)]9
Valid: [864/12000 (7%)]
Event rate: [0.31368181109428406, 0.22442017495632172, 0.05333228409290314, 0.9993853569030762]
Total time for batch 30.94223976135254
(3,)

Valid: [864/12000 (7%)]10
Valid: [960/12000 (8%)]
Event rate: [0.2919446527957916, 0.22927126288414001, 0.05092347413301468, 0.9993401169776917]
Total time for batch 31.326806783676147
(3,)

Valid: [960/12000 (8%)]11
Valid: [1056/12000 (9%)]
Event rate: [0.32847288250923157, 0.22839590907096863, 0.05011289194226265, 0.9994091987609863]
Total time for batch 30.738266944885254
(3,)

Valid: [1056/12000 (9%)]12
Valid: [1152/12000 (10%)]
Event rate: [0.3207308053970337, 0.22529572248458862, 0.05066508799791336, 0.9993661642074585]
Total time for batch 31.19720983505249
(3,)

Valid: [1152/12000 (10%)]13
Valid: [1248/12000 (10%)]
Event rate: [0.3035096824169159, 0.2254403680562973, 0.05145290866494179, 0.9994182586669922]
Total time for batch 30.7724826335907
(3,)

Valid: [1248/12000 (10%)]14
Valid: [1344/12000 (11%)]
Event rate: [0.29130077362060547, 0.22916892170906067, 0.045699477195739746, 0.9993578791618347]
Total time for batch 31.51599097251892
(3,)

Valid: [1344/12000 (11%)]15
Valid: [1440/12000 (12%)]
Event rate: [0.29806408286094666, 0.22817778587341309, 0.04679829627275467, 0.9993679523468018]
Total time for batch 31.30074429512024
(3,)

Valid: [1440/12000 (12%)]16
Valid: [1536/12000 (13%)]
Event rate: [0.30037564039230347, 0.23011450469493866, 0.0458717942237854, 0.9993820786476135]
Total time for batch 30.73194646835327
(3,)

Valid: [1536/12000 (13%)]17
Valid: [1632/12000 (14%)]
Event rate: [0.2857832908630371, 0.2313096672296524, 0.05179150775074959, 0.9993619322776794]
Total time for batch 30.652472257614136
(3,)

Valid: [1632/12000 (14%)]18
Valid: [1728/12000 (14%)]
Event rate: [0.3000674545764923, 0.23087243735790253, 0.04898479953408241, 0.9993822574615479]
Total time for batch 30.676135063171387
(3,)

Valid: [1728/12000 (14%)]19
Valid: [1824/12000 (15%)]
Event rate: [0.3144218623638153, 0.2259218543767929, 0.05265118181705475, 0.9994199275970459]
Total time for batch 31.060495376586914
(3,)

Valid: [1824/12000 (15%)]20
Valid: [1920/12000 (16%)]
Event rate: [0.30227550864219666, 0.22946329414844513, 0.04657274857163429, 0.9993844628334045]
Total time for batch 31.469631910324097
(3,)

Valid: [1920/12000 (16%)]21
Valid: [2016/12000 (17%)]
Event rate: [0.30790698528289795, 0.23203590512275696, 0.045362118631601334, 0.9993550181388855]
Total time for batch 30.80478072166443
(3,)

Valid: [2016/12000 (17%)]22
Valid: [2112/12000 (18%)]
Event rate: [0.31209105253219604, 0.2275296002626419, 0.04654216766357422, 0.9993669390678406]
Total time for batch 31.177222728729248
(3,)

Valid: [2112/12000 (18%)]23
Valid: [2208/12000 (18%)]
Event rate: [0.32051587104797363, 0.22393542528152466, 0.05368923023343086, 0.9994116425514221]
Total time for batch 31.019712686538696
(3,)

Valid: [2208/12000 (18%)]24
Valid: [2304/12000 (19%)]
Event rate: [0.3118698000907898, 0.22970876097679138, 0.04969089850783348, 0.9994067549705505]
Total time for batch 31.131500244140625
(3,)

Valid: [2304/12000 (19%)]25
Valid: [2400/12000 (20%)]
Event rate: [0.2870413362979889, 0.22749698162078857, 0.04896515607833862, 0.9993375539779663]
Total time for batch 31.32225227355957
(3,)

Valid: [2400/12000 (20%)]26
Valid: [2496/12000 (21%)]
Event rate: [0.3053622543811798, 0.2280106395483017, 0.050586674362421036, 0.9993930459022522]
Total time for batch 30.873956203460693
(3,)

Valid: [2496/12000 (21%)]27
Valid: [2592/12000 (22%)]
Event rate: [0.2876669764518738, 0.2278861105442047, 0.050120070576667786, 0.9993756413459778]
Total time for batch 31.009695053100586
(3,)

Valid: [2592/12000 (22%)]28
Valid: [2688/12000 (22%)]
Event rate: [0.3179458975791931, 0.22835341095924377, 0.04887468367815018, 0.9993953108787537]
Total time for batch 31.094143867492676
(3,)

Valid: [2688/12000 (22%)]29
Valid: [2784/12000 (23%)]
Event rate: [0.278616726398468, 0.22816157341003418, 0.04505044221878052, 0.9993784427642822]
Total time for batch 30.80197024345398
(3,)

Valid: [2784/12000 (23%)]30
Valid: [2880/12000 (24%)]
Event rate: [0.3122946321964264, 0.23055921494960785, 0.046422079205513, 0.9993910193443298]
Total time for batch 31.30123496055603
(3,)

Valid: [2880/12000 (24%)]31
Valid: [2976/12000 (25%)]
Event rate: [0.2955203950405121, 0.22937732934951782, 0.052159592509269714, 0.9993905425071716]
Total time for batch 31.150492906570435
(3,)

Valid: [2976/12000 (25%)]32
Valid: [3072/12000 (26%)]
Event rate: [0.3222654461860657, 0.2285342663526535, 0.050001516938209534, 0.9993940591812134]
Total time for batch 31.099628448486328
(3,)

Valid: [3072/12000 (26%)]33
Valid: [3168/12000 (26%)]
Event rate: [0.3041885793209076, 0.22932308912277222, 0.046427879482507706, 0.9993617534637451]
Total time for batch 30.836928844451904
(3,)

Valid: [3168/12000 (26%)]34
Valid: [3264/12000 (27%)]
Event rate: [0.310892254114151, 0.22712498903274536, 0.04955647513270378, 0.9993790984153748]
Total time for batch 31.03301239013672
(3,)

Valid: [3264/12000 (27%)]35
Valid: [3360/12000 (28%)]
Event rate: [0.2899250090122223, 0.22828224301338196, 0.051820140331983566, 0.9993960857391357]
Total time for batch 30.936890602111816
(3,)

Valid: [3360/12000 (28%)]36
Valid: [3456/12000 (29%)]
Event rate: [0.3004041314125061, 0.2300688624382019, 0.04728950932621956, 0.9994034171104431]
Total time for batch 30.99794316291809
(3,)

Valid: [3456/12000 (29%)]37
Valid: [3552/12000 (30%)]
Event rate: [0.30034270882606506, 0.22875462472438812, 0.049092356115579605, 0.9994080662727356]
Total time for batch 30.984262466430664
(3,)

Valid: [3552/12000 (30%)]38
Valid: [3648/12000 (30%)]
Event rate: [0.2863784730434418, 0.2265712469816208, 0.05342642217874527, 0.9994099736213684]
Total time for batch 31.412017345428467
(3,)

Valid: [3648/12000 (30%)]39
Valid: [3744/12000 (31%)]
Event rate: [0.29605114459991455, 0.23178315162658691, 0.04978364706039429, 0.9993675351142883]
Total time for batch 30.952819108963013
(3,)

Valid: [3744/12000 (31%)]40
Valid: [3840/12000 (32%)]
Event rate: [0.3111604154109955, 0.22763869166374207, 0.048447128385305405, 0.9994099736213684]
Total time for batch 31.09396719932556
(3,)

Valid: [3840/12000 (32%)]41
Valid: [3936/12000 (33%)]
Event rate: [0.2947183847427368, 0.22679403424263, 0.050516277551651, 0.9994168877601624]
Total time for batch 30.687129020690918
(3,)

Valid: [3936/12000 (33%)]42
Valid: [4032/12000 (34%)]
Event rate: [0.2952866554260254, 0.22943022847175598, 0.047426577657461166, 0.9994072914123535]
Total time for batch 30.62953209877014
(3,)

Valid: [4032/12000 (34%)]43
Valid: [4128/12000 (34%)]
Event rate: [0.3044614791870117, 0.228639155626297, 0.04930907487869263, 0.999412477016449]
Total time for batch 31.0549156665802
(3,)

Valid: [4128/12000 (34%)]44
Valid: [4224/12000 (35%)]
Event rate: [0.2841397523880005, 0.22856956720352173, 0.049094878137111664, 0.9993788003921509]
Total time for batch 31.085391998291016
(3,)

Valid: [4224/12000 (35%)]45
Valid: [4320/12000 (36%)]
Event rate: [0.3227654993534088, 0.22697503864765167, 0.05058704689145088, 0.9993898272514343]
Total time for batch 30.918456554412842
(3,)

Valid: [4320/12000 (36%)]46
Valid: [4416/12000 (37%)]
Event rate: [0.29063931107521057, 0.23116327822208405, 0.05082159861922264, 0.9993839859962463]
Total time for batch 31.00089931488037
(3,)

Valid: [4416/12000 (37%)]47
Valid: [4512/12000 (38%)]
Event rate: [0.33200642466545105, 0.22428937256336212, 0.054051563143730164, 0.999354898929596]
Total time for batch 31.14345359802246
(3,)

Valid: [4512/12000 (38%)]48
Valid: [4608/12000 (38%)]
Event rate: [0.300520122051239, 0.2313956320285797, 0.0486379899084568, 0.9993720054626465]
Total time for batch 31.221741437911987
(3,)

Valid: [4608/12000 (38%)]49
Valid: [4704/12000 (39%)]
Event rate: [0.325136661529541, 0.2263413816690445, 0.04848499223589897, 0.9993698000907898]
Total time for batch 30.726219415664673
(3,)

Valid: [4704/12000 (39%)]50
Valid: [4800/12000 (40%)]
Event rate: [0.3048084080219269, 0.2307194173336029, 0.046291522681713104, 0.9993364214897156]
Total time for batch 30.712530851364136
(3,)

Valid: [4800/12000 (40%)]51
Valid: [4896/12000 (41%)]
Event rate: [0.32480108737945557, 0.2278658151626587, 0.05151529237627983, 0.999386727809906]
Total time for batch 30.94098401069641
(3,)

Valid: [4896/12000 (41%)]52
Valid: [4992/12000 (42%)]
Event rate: [0.336985319852829, 0.22780795395374298, 0.0511636957526207, 0.9993846416473389]
Total time for batch 31.029695510864258
(3,)

Valid: [4992/12000 (42%)]53
Valid: [5088/12000 (42%)]
Event rate: [0.2823622524738312, 0.22704912722110748, 0.04935237765312195, 0.999409556388855]
Total time for batch 30.799588203430176
(3,)

Valid: [5088/12000 (42%)]54
Valid: [5184/12000 (43%)]
Event rate: [0.31963616609573364, 0.22829073667526245, 0.04744858294725418, 0.999400794506073]
Total time for batch 31.23742437362671
(3,)

Valid: [5184/12000 (43%)]55
Valid: [5280/12000 (44%)]
Event rate: [0.28902068734169006, 0.23127758502960205, 0.04736554995179176, 0.9993473291397095]
Total time for batch 31.207077741622925
(3,)

Valid: [5280/12000 (44%)]56
Valid: [5376/12000 (45%)]
Event rate: [0.3075045347213745, 0.22702273726463318, 0.05143628269433975, 0.9993897676467896]
Total time for batch 31.352277040481567
(3,)

Valid: [5376/12000 (45%)]57
Valid: [5472/12000 (46%)]
Event rate: [0.3251112699508667, 0.22545567154884338, 0.052456192672252655, 0.9994010925292969]
Total time for batch 30.885398149490356
(3,)

Valid: [5472/12000 (46%)]58
Valid: [5568/12000 (46%)]
Event rate: [0.2990153133869171, 0.22668811678886414, 0.050908878445625305, 0.9994011521339417]
Total time for batch 31.177987337112427
(3,)

Valid: [5568/12000 (46%)]59
Valid: [5664/12000 (47%)]
Event rate: [0.3129909336566925, 0.22801601886749268, 0.050412751734256744, 0.9994049072265625]
Total time for batch 31.012510061264038
(3,)

Valid: [5664/12000 (47%)]60
Valid: [5760/12000 (48%)]
Event rate: [0.28488263487815857, 0.23005492985248566, 0.04609222710132599, 0.9994053840637207]
Total time for batch 31.068620920181274
(3,)

Valid: [5760/12000 (48%)]61
Valid: [5856/12000 (49%)]
Event rate: [0.3172697424888611, 0.22693823277950287, 0.04778942093253136, 0.9993531703948975]
Total time for batch 30.598893642425537
(3,)

Valid: [5856/12000 (49%)]62
Valid: [5952/12000 (50%)]
Event rate: [0.2989104390144348, 0.2290215641260147, 0.045723073184490204, 0.9993706345558167]
Total time for batch 30.902403831481934
(3,)

Valid: [5952/12000 (50%)]63
Valid: [6048/12000 (50%)]
Event rate: [0.30454587936401367, 0.23142366111278534, 0.048993829637765884, 0.9993748664855957]
Total time for batch 30.571903467178345
(3,)

Valid: [6048/12000 (50%)]64
Valid: [6144/12000 (51%)]
Event rate: [0.3109537363052368, 0.22721391916275024, 0.05053544417023659, 0.9993640780448914]
Total time for batch 30.751367807388306
(3,)

Valid: [6144/12000 (51%)]65
Valid: [6240/12000 (52%)]
Event rate: [0.3172861635684967, 0.22439265251159668, 0.052224524319171906, 0.9993877410888672]
Total time for batch 31.216116428375244
(3,)

Valid: [6240/12000 (52%)]66
Valid: [6336/12000 (53%)]
Event rate: [0.3214775323867798, 0.22992266714572906, 0.04584095627069473, 0.9993984699249268]
Total time for batch 30.689756870269775
(3,)

Valid: [6336/12000 (53%)]67
Valid: [6432/12000 (54%)]
Event rate: [0.28842252492904663, 0.22835716605186462, 0.05185234174132347, 0.9994032979011536]
Total time for batch 30.874415636062622
(3,)

Valid: [6432/12000 (54%)]68
Valid: [6528/12000 (54%)]
Event rate: [0.2929316461086273, 0.22902080416679382, 0.04757573455572128, 0.9993886351585388]
Total time for batch 30.869417428970337
(3,)

Valid: [6528/12000 (54%)]69
Valid: [6624/12000 (55%)]
Event rate: [0.280324250459671, 0.2300127148628235, 0.047663211822509766, 0.9993379712104797]
Total time for batch 30.740134477615356
(3,)

Valid: [6624/12000 (55%)]70
Valid: [6720/12000 (56%)]
Event rate: [0.28059664368629456, 0.23203088343143463, 0.04400672763586044, 0.9993581175804138]
Total time for batch 30.587790966033936
(3,)

Valid: [6720/12000 (56%)]71
Valid: [6816/12000 (57%)]
Event rate: [0.2897842824459076, 0.22842378914356232, 0.05017152801156044, 0.9994109272956848]
Total time for batch 30.52095103263855
(3,)

Valid: [6816/12000 (57%)]72
Valid: [6912/12000 (58%)]
Event rate: [0.28969553112983704, 0.2304396778345108, 0.05023612827062607, 0.9993988275527954]
Total time for batch 30.75385808944702
(3,)

Valid: [6912/12000 (58%)]73
Valid: [7008/12000 (58%)]
Event rate: [0.317356139421463, 0.22835573554039001, 0.051760025322437286, 0.9993562698364258]
Total time for batch 30.69775629043579
(3,)

Valid: [7008/12000 (58%)]74
Valid: [7104/12000 (59%)]
Event rate: [0.2932971715927124, 0.2315012514591217, 0.04945601150393486, 0.9993861317634583]
Total time for batch 30.45580816268921
(3,)

Valid: [7104/12000 (59%)]75
Valid: [7200/12000 (60%)]
Event rate: [0.3052773177623749, 0.22795748710632324, 0.04833761602640152, 0.999415397644043]
Total time for batch 30.69400691986084
(3,)

Valid: [7200/12000 (60%)]76
Valid: [7296/12000 (61%)]
Event rate: [0.305593878030777, 0.2282557189464569, 0.0479278489947319, 0.9993888735771179]
Total time for batch 31.115272283554077
(3,)

Valid: [7296/12000 (61%)]77
Valid: [7392/12000 (62%)]
Event rate: [0.2939293384552002, 0.2268122136592865, 0.04925630986690521, 0.9993566274642944]
Total time for batch 30.523777723312378
(3,)

Valid: [7392/12000 (62%)]78
Valid: [7488/12000 (62%)]
Event rate: [0.2874845266342163, 0.22986654937267303, 0.04558488354086876, 0.9993637204170227]
Total time for batch 30.810875415802002
(3,)

Valid: [7488/12000 (62%)]79
Valid: [7584/12000 (63%)]
Event rate: [0.3009842038154602, 0.22566182911396027, 0.05304866284132004, 0.9993903636932373]
Total time for batch 30.483835697174072
(3,)

Valid: [7584/12000 (63%)]80
Valid: [7680/12000 (64%)]
Event rate: [0.3052755892276764, 0.22799326479434967, 0.049636438488960266, 0.9993920922279358]
Total time for batch 30.66278624534607
(3,)

Valid: [7680/12000 (64%)]81
Valid: [7776/12000 (65%)]
Event rate: [0.29768726229667664, 0.22951041162014008, 0.052537109702825546, 0.9994299411773682]
Total time for batch 30.75255250930786
(3,)

Valid: [7776/12000 (65%)]82
Valid: [7872/12000 (66%)]
Event rate: [0.2928357720375061, 0.22885611653327942, 0.04753848910331726, 0.9994093775749207]
Total time for batch 30.633747339248657
(3,)

Valid: [7872/12000 (66%)]83
Valid: [7968/12000 (66%)]
Event rate: [0.2995738089084625, 0.22697968780994415, 0.04991927742958069, 0.9993926286697388]
Total time for batch 30.72402262687683
(3,)

Valid: [7968/12000 (66%)]84
Valid: [8064/12000 (67%)]
Event rate: [0.3037799298763275, 0.22635412216186523, 0.0479411855340004, 0.9993577003479004]
Total time for batch 30.723575115203857
(3,)

Valid: [8064/12000 (67%)]85
Valid: [8160/12000 (68%)]
Event rate: [0.29211848974227905, 0.23016779124736786, 0.045411817729473114, 0.9993970990180969]
Total time for batch 30.902695178985596
(3,)

Valid: [8160/12000 (68%)]86
Valid: [8256/12000 (69%)]
Event rate: [0.29140403866767883, 0.22676900029182434, 0.04959964379668236, 0.999383270740509]
Total time for batch 31.021097660064697
(3,)

Valid: [8256/12000 (69%)]87
Valid: [8352/12000 (70%)]
Event rate: [0.3045193552970886, 0.22754652798175812, 0.048385437577962875, 0.9992864727973938]
Total time for batch 30.881189346313477
(3,)

Valid: [8352/12000 (70%)]88
Valid: [8448/12000 (70%)]
Event rate: [0.2963196635246277, 0.22935038805007935, 0.04992654547095299, 0.9993372559547424]
Total time for batch 30.893378496170044
(3,)

Valid: [8448/12000 (70%)]89
Valid: [8544/12000 (71%)]
Event rate: [0.31163284182548523, 0.22764424979686737, 0.05149334296584129, 0.9994081854820251]
Total time for batch 30.782432556152344
(3,)

Valid: [8544/12000 (71%)]90
Valid: [8640/12000 (72%)]
Event rate: [0.31626027822494507, 0.2262227088212967, 0.04936347156763077, 0.9993277788162231]
Total time for batch 30.45687770843506
(3,)

Valid: [8640/12000 (72%)]91
Valid: [8736/12000 (73%)]
Event rate: [0.3031693696975708, 0.226591557264328, 0.05120426043868065, 0.9993936419487]
Total time for batch 30.731879949569702
(3,)

Valid: [8736/12000 (73%)]92
Valid: [8832/12000 (74%)]
Event rate: [0.29661715030670166, 0.22730539739131927, 0.04726526141166687, 0.9993374347686768]
Total time for batch 30.841666221618652
(3,)

Valid: [8832/12000 (74%)]93
Valid: [8928/12000 (74%)]
Event rate: [0.3084290623664856, 0.22976961731910706, 0.04658384621143341, 0.9993122220039368]
Total time for batch 30.72061276435852
(3,)

Valid: [8928/12000 (74%)]94
Valid: [9024/12000 (75%)]
Event rate: [0.30626508593559265, 0.22803623974323273, 0.049071673303842545, 0.99936842918396]
Total time for batch 30.71777319908142
(3,)

Valid: [9024/12000 (75%)]95
Valid: [9120/12000 (76%)]
Event rate: [0.27857327461242676, 0.22807562351226807, 0.04547128826379776, 0.9993376135826111]
Total time for batch 30.513400316238403
(3,)

Valid: [9120/12000 (76%)]96
Valid: [9216/12000 (77%)]
Event rate: [0.2928566634654999, 0.22931797802448273, 0.04799019917845726, 0.999387264251709]
Total time for batch 30.5375018119812
(3,)

Valid: [9216/12000 (77%)]97
Valid: [9312/12000 (78%)]
Event rate: [0.2841876745223999, 0.230247363448143, 0.04866150766611099, 0.9993687272071838]
Total time for batch 30.959062099456787
(3,)

Valid: [9312/12000 (78%)]98
Valid: [9408/12000 (78%)]
Event rate: [0.3111107051372528, 0.23106536269187927, 0.04757975414395332, 0.9993939995765686]
Total time for batch 30.734980583190918
(3,)

Valid: [9408/12000 (78%)]99
Valid: [9504/12000 (79%)]
Event rate: [0.3250599503517151, 0.22343182563781738, 0.054714035242795944, 0.9993438720703125]
Total time for batch 30.992676496505737
(3,)

Valid: [9504/12000 (79%)]100
Valid: [9600/12000 (80%)]
Event rate: [0.324101984500885, 0.22652404010295868, 0.04778878763318062, 0.9993938207626343]
Total time for batch 30.91461944580078
(3,)

Valid: [9600/12000 (80%)]101
Valid: [9696/12000 (81%)]
Event rate: [0.3188660740852356, 0.22674936056137085, 0.045894067734479904, 0.9993841052055359]
Total time for batch 31.028044939041138
(3,)

Valid: [9696/12000 (81%)]102
Valid: [9792/12000 (82%)]
Event rate: [0.33933860063552856, 0.2259737253189087, 0.050561994314193726, 0.9994053840637207]
Total time for batch 30.67183566093445
(3,)

Valid: [9792/12000 (82%)]103
Valid: [9888/12000 (82%)]
Event rate: [0.30520203709602356, 0.2302306592464447, 0.04855594411492348, 0.9993606209754944]
Total time for batch 30.533349990844727
(3,)

Valid: [9888/12000 (82%)]104
Valid: [9984/12000 (83%)]
Event rate: [0.2817091643810272, 0.23049087822437286, 0.04707050323486328, 0.9993744492530823]
Total time for batch 30.46561884880066
(3,)

Valid: [9984/12000 (83%)]105
Valid: [10080/12000 (84%)]
Event rate: [0.2850325107574463, 0.22926588356494904, 0.04641003534197807, 0.999363124370575]
Total time for batch 30.49066662788391
(3,)

Valid: [10080/12000 (84%)]106
Valid: [10176/12000 (85%)]
Event rate: [0.3029276430606842, 0.2291339486837387, 0.04703013598918915, 0.99936842918396]
Total time for batch 30.180268049240112
(3,)

Valid: [10176/12000 (85%)]107
Valid: [10272/12000 (86%)]
Event rate: [0.3132498860359192, 0.22699297964572906, 0.04917221888899803, 0.9994069337844849]
Total time for batch 30.90358591079712
(3,)

Valid: [10272/12000 (86%)]108
Valid: [10368/12000 (86%)]
Event rate: [0.2893083691596985, 0.22702960669994354, 0.05077826604247093, 0.9993327856063843]
Total time for batch 30.799381017684937
(3,)

Valid: [10368/12000 (86%)]109
Valid: [10464/12000 (87%)]
Event rate: [0.29248183965682983, 0.2284824103116989, 0.04723202809691429, 0.9994088411331177]
Total time for batch 30.510153770446777
(3,)

Valid: [10464/12000 (87%)]110
Valid: [10560/12000 (88%)]
Event rate: [0.290630966424942, 0.22927069664001465, 0.049970243126153946, 0.9993683099746704]
Total time for batch 30.43932056427002
(3,)

Valid: [10560/12000 (88%)]111
Valid: [10656/12000 (89%)]
Event rate: [0.29477763175964355, 0.22840574383735657, 0.049053970724344254, 0.9993533492088318]
Total time for batch 30.486027002334595
(3,)

Valid: [10656/12000 (89%)]112
Valid: [10752/12000 (90%)]
Event rate: [0.3023826777935028, 0.22443264722824097, 0.04948219284415245, 0.9993957281112671]
Total time for batch 30.44220805168152
(3,)

Valid: [10752/12000 (90%)]113
Valid: [10848/12000 (90%)]
Event rate: [0.29776597023010254, 0.2309942990541458, 0.04676302894949913, 0.9993981122970581]
Total time for batch 30.95634937286377
(3,)

Valid: [10848/12000 (90%)]114
Valid: [10944/12000 (91%)]
Event rate: [0.3141773045063019, 0.22953511774539948, 0.04714740067720413, 0.9994035959243774]
Total time for batch 30.52492094039917
(3,)

Valid: [10944/12000 (91%)]115
Valid: [11040/12000 (92%)]
Event rate: [0.3170734941959381, 0.22829632461071014, 0.04851608723402023, 0.9994059205055237]
Total time for batch 30.642210245132446
(3,)

Valid: [11040/12000 (92%)]116
Valid: [11136/12000 (93%)]
Event rate: [0.3082992434501648, 0.22779904305934906, 0.049269046634435654, 0.9993607997894287]
Total time for batch 30.660003900527954
(3,)

Valid: [11136/12000 (93%)]117
Valid: [11232/12000 (94%)]
Event rate: [0.30301228165626526, 0.2267562448978424, 0.04919593781232834, 0.9994029998779297]
Total time for batch 30.509508848190308
(3,)

Valid: [11232/12000 (94%)]118
Valid: [11328/12000 (94%)]
Event rate: [0.29961034655570984, 0.23190726339817047, 0.044234275817871094, 0.9993424415588379]
Total time for batch 30.83140254020691
(3,)

Valid: [11328/12000 (94%)]119
Valid: [11424/12000 (95%)]
Event rate: [0.2858961820602417, 0.22702531516551971, 0.05092690885066986, 0.9993466138839722]
Total time for batch 30.927958011627197
(3,)

Valid: [11424/12000 (95%)]120
Valid: [11520/12000 (96%)]
Event rate: [0.30275097489356995, 0.2282470315694809, 0.047656141221523285, 0.9993905425071716]
Total time for batch 30.62114381790161
(3,)

Valid: [11520/12000 (96%)]121
Valid: [11616/12000 (97%)]
Event rate: [0.29339534044265747, 0.229452982544899, 0.04383167251944542, 0.9993751645088196]
Total time for batch 31.09792184829712
(3,)

Valid: [11616/12000 (97%)]122
Valid: [11712/12000 (98%)]
Event rate: [0.30376261472702026, 0.2264697253704071, 0.05195390805602074, 0.9994087815284729]
Total time for batch 31.071245431900024
(3,)

Valid: [11712/12000 (98%)]123
Valid: [11808/12000 (98%)]
Event rate: [0.2781837284564972, 0.2294788956642151, 0.046511534601449966, 0.9994023442268372]
Total time for batch 30.737237215042114
(3,)

Valid: [11808/12000 (98%)]124
Valid: [11904/12000 (99%)]
Event rate: [0.31196877360343933, 0.2300526350736618, 0.04774593934416771, 0.999322235584259]
Total time for batch 30.617244243621826
(3,)

Valid: [11904/12000 (99%)]
[0A
[2KValid: [11904/12000 (99%)]
[2KEvent rate: [0.31196877360343933, 0.2300526350736618, 0.04774593934416771, 0.999322235584259]
Epoch    0: i =   124 ,     328.0783 ms elapsed        
Train  
Valid loss =     0.00126                          SI-SNR = 12.16296 dB
Avg DNSMOS clean   [ovrl, sig, bak]:  [3.29212914 3.57154878 4.0822049 ]
Avg DNSMOS noisy   [ovrl, sig, bak]:  [2.4360454  3.16378824 2.69497903]
Avg DNSMOS noise   [ovrl, sig, bak]:  [1.34726079 1.58444211 1.95468814]
Avg DNSMOS cleaned [ovrl, sig, bak]:  [2.69016868 3.18577174 3.45432285]
Approximate Average SynOPS per layer per timestep: [26463, 34391, 1215]
Exact Averagee SynOPS per layer per timestep:,[26051.139  34584.707   1145.5309]
Total SynOPS: 61781.37658691406 per time-step
Total NeuronOPS: 1281 per time-step
Time-step per sample: 3751
Buffer latency: 32.0 ms
STFT + ISTFT latency: 0.005656655555555556 ms
N-DNS latency: 0.0 ms
SI-SNR  (validation set):  12.16 dB
SI-SNRi (validation set):  4.80 dB
Solution Latency                 :  32.006 ms
Power proxy (Effective SynOPS)   : 9323922.073 ops/s
PDP proxy (SynOPS-delay product) :  298418.249 ops
